#
# There is insufficient memory for the Java Runtime Environment to continue.
# Native memory allocation (malloc) failed to allocate 1000976 bytes. Error detail: Chunk::new
# Possible reasons:
#   The system is out of physical RAM or swap space
#   This process is running with CompressedOops enabled, and the Java Heap may be blocking the growth of the native heap
# Possible solutions:
#   Reduce memory load on the system
#   Increase physical memory or swap space
#   Check if swap backing store is full
#   Decrease Java heap size (-Xmx/-Xms)
#   Decrease number of Java threads
#   Decrease Java thread stack sizes (-Xss)
#   Set larger code cache with -XX:ReservedCodeCacheSize=
#   JVM is running with Unscaled Compressed Oops mode in which the Java heap is
#     placed in the first 4GB address space. The Java Heap base address is the
#     maximum limit for the native heap growth. Please use -XX:HeapBaseMinAddress
#     to set the Java Heap base and to place the Java Heap above 4GB virtual address.
# This output file may be truncated or incomplete.
#
#  Out of Memory Error (arena.cpp:168), pid=4768, tid=27360
#
# JRE version: OpenJDK Runtime Environment Temurin-21.0.10+7 (21.0.10+7) (build 21.0.10+7-LTS)
# Java VM: OpenJDK 64-Bit Server VM Temurin-21.0.10+7 (21.0.10+7-LTS, mixed mode, sharing, tiered, compressed oops, compressed class ptrs, parallel gc, windows-amd64)
# No core dump will be written. Minidumps are not enabled by default on client versions of Windows
#

---------------  S U M M A R Y ------------

Command Line: --add-modules=ALL-SYSTEM --add-opens=java.base/java.util=ALL-UNNAMED --add-opens=java.base/java.lang=ALL-UNNAMED --add-opens=java.base/sun.nio.fs=ALL-UNNAMED -Declipse.application=org.eclipse.jdt.ls.core.id1 -Dosgi.bundles.defaultStartLevel=4 -Declipse.product=org.eclipse.jdt.ls.core.product -Djava.import.generatesMetadataFilesAtProjectRoot=false -DDetectVMInstallationsJob.disabled=true -Dfile.encoding=utf8 -XX:+UseParallelGC -XX:GCTimeRatio=4 -XX:AdaptiveSizePolicyWeight=90 -Dsun.zip.disableMemoryMapping=true -Xmx2G -Xms100m -Xlog:disable -javaagent:c:\Users\piyus\.vscode\extensions\redhat.java-1.54.0-win32-x64\lombok\lombok-1.18.39-4050.jar -XX:+HeapDumpOnOutOfMemoryError -XX:HeapDumpPath=c:\Users\piyus\AppData\Roaming\Code\User\workspaceStorage\b2300b2f8e28301cf55326089b0238ac\redhat.java -Daether.dependencyCollector.impl=bf c:\Users\piyus\.vscode\extensions\redhat.java-1.54.0-win32-x64\server\plugins\org.eclipse.equinox.launcher_1.7.100.v20251111-0406.jar -configuration c:\Users\piyus\AppData\Roaming\Code\User\globalStorage\redhat.java\1.54.0\config_win -data c:\Users\piyus\AppData\Roaming\Code\User\workspaceStorage\b2300b2f8e28301cf55326089b0238ac\redhat.java\jdt_ws --pipe=\\.\pipe\lsp-307eab77d5f306548a7cba8c3f705e96-sock

Host: AMD Ryzen 5 5600H with Radeon Graphics         , 12 cores, 7G,  Windows 11 , 64 bit Build 26100 (10.0.26100.8521)
Time: Sat Jun 27 13:20:04 2026 India Standard Time elapsed time: 55.787329 seconds (0d 0h 0m 55s)

---------------  T H R E A D  ---------------

Current thread (0x000002289d129810):  JavaThread "C2 CompilerThread1" daemon [_thread_in_native, id=27360, stack(0x000000b681300000,0x000000b681400000) (1024K)]


Current CompileTask:
C2:55788 9460       4       lombok.patcher.PatchScript$MethodPatcher::visitMethod (158 bytes)

Stack: [0x000000b681300000,0x000000b681400000]
Native frames: (J=compiled Java code, j=interpreted, Vv=VM code, C=native code)
V  [jvm.dll+0x6d7a39]
V  [jvm.dll+0x8b4b26]
V  [jvm.dll+0x8b70de]
V  [jvm.dll+0x8b77c3]
V  [jvm.dll+0x284346]
V  [jvm.dll+0xc66ed]
V  [jvm.dll+0xc6c31]
V  [jvm.dll+0x3bec01]
V  [jvm.dll+0x38b162]
V  [jvm.dll+0x38a5aa]
V  [jvm.dll+0x24c560]
V  [jvm.dll+0x24bb40]
V  [jvm.dll+0x1cb34e]
V  [jvm.dll+0x25b85d]
V  [jvm.dll+0x259dea]
V  [jvm.dll+0x3f857e]
V  [jvm.dll+0x85f59d]
V  [jvm.dll+0x6d626d]
C  [ucrtbase.dll+0x2cd30]
C  [KERNEL32.DLL+0x2e957]
C  [ntdll.dll+0x87c1c]


---------------  P R O C E S S  ---------------

Threads class SMR info:
_java_thread_list=0x000002289b577b20, length=58, elements={
0x000002283a96cd30, 0x000002283a91e780, 0x000002283aa13ef0, 0x000002283aa16fd0,
0x000002283aa17740, 0x000002283aa183a0, 0x000002283aa1e480, 0x000002283aa1fc10,
0x000002283aa2c2a0, 0x0000022893891090, 0x00000228939dde50, 0x0000022894dc3360,
0x00000228991dbb60, 0x000002289463f890, 0x0000022894a8d1b0, 0x0000022894d54bd0,
0x000002289490ef00, 0x00000228992b87a0, 0x000002289467a330, 0x0000022894679ca0,
0x000002289467a9c0, 0x000002289977f130, 0x000002289977dd80, 0x000002289977e410,
0x000002289977fe50, 0x000002289977d6f0, 0x000002289977c9d0, 0x00000228997804e0,
0x000002289977eaa0, 0x000002289977f7c0, 0x000002289977d060, 0x0000022899781f20,
0x00000228997825b0, 0x0000022899783960, 0x0000022899781890, 0x00000228997832d0,
0x0000022899782c40, 0x0000022899783ff0, 0x0000022899780b70, 0x0000022899781200,
0x000002289a181900, 0x000002289a182620, 0x000002289a182cb0, 0x000002289a184060,
0x000002289a180be0, 0x000002289a1867c0, 0x000002289a1846f0, 0x000002289a186e50,
0x000002289a186130, 0x000002289a185aa0, 0x000002289a185410, 0x000002289a1874e0,
0x000002289a184d80, 0x000002289a187b70, 0x0000022899689cc0, 0x000002289968b070,
0x000002289d129810, 0x000002289cc378c0
}

Java Threads: ( => current thread )
  0x000002283a96cd30 JavaThread "main"                              [_thread_blocked, id=14132, stack(0x000000b6fef00000,0x000000b6ff000000) (1024K)]
  0x000002283a91e780 JavaThread "Reference Handler"          daemon [_thread_blocked, id=6616, stack(0x000000b6ff300000,0x000000b6ff400000) (1024K)]
  0x000002283aa13ef0 JavaThread "Finalizer"                  daemon [_thread_blocked, id=20708, stack(0x000000b6ff400000,0x000000b6ff500000) (1024K)]
  0x000002283aa16fd0 JavaThread "Signal Dispatcher"          daemon [_thread_blocked, id=23804, stack(0x000000b6ff500000,0x000000b6ff600000) (1024K)]
  0x000002283aa17740 JavaThread "Attach Listener"            daemon [_thread_blocked, id=18436, stack(0x000000b6ff600000,0x000000b6ff700000) (1024K)]
  0x000002283aa183a0 JavaThread "Service Thread"             daemon [_thread_blocked, id=28028, stack(0x000000b6ff700000,0x000000b6ff800000) (1024K)]
  0x000002283aa1e480 JavaThread "Monitor Deflation Thread"   daemon [_thread_blocked, id=25336, stack(0x000000b6ff800000,0x000000b6ff900000) (1024K)]
  0x000002283aa1fc10 JavaThread "C2 CompilerThread0"         daemon [_thread_in_native, id=26276, stack(0x000000b6ff900000,0x000000b6ffa00000) (1024K)]
  0x000002283aa2c2a0 JavaThread "C1 CompilerThread0"         daemon [_thread_in_vm, id=14652, stack(0x000000b6ffa00000,0x000000b6ffb00000) (1024K)]
  0x0000022893891090 JavaThread "Common-Cleaner"             daemon [_thread_blocked, id=4988, stack(0x000000b6ffc00000,0x000000b6ffd00000) (1024K)]
  0x00000228939dde50 JavaThread "Notification Thread"        daemon [_thread_blocked, id=14576, stack(0x000000b6ffd00000,0x000000b6ffe00000) (1024K)]
  0x0000022894dc3360 JavaThread "Active Thread: Equinox Container: 3d333737-6d2e-497a-b255-e404fb08158d"        [_thread_blocked, id=11768, stack(0x000000b680500000,0x000000b680600000) (1024K)]
  0x00000228991dbb60 JavaThread "Refresh Thread: Equinox Container: 3d333737-6d2e-497a-b255-e404fb08158d" daemon [_thread_blocked, id=24008, stack(0x000000b680700000,0x000000b680800000) (1024K)]
  0x000002289463f890 JavaThread "Framework Event Dispatcher: Equinox Container: 3d333737-6d2e-497a-b255-e404fb08158d" daemon [_thread_blocked, id=14044, stack(0x000000b680800000,0x000000b680900000) (1024K)]
  0x0000022894a8d1b0 JavaThread "Start Level: Equinox Container: 3d333737-6d2e-497a-b255-e404fb08158d" daemon [_thread_blocked, id=19212, stack(0x000000b680900000,0x000000b680a00000) (1024K)]
  0x0000022894d54bd0 JavaThread "Bundle File Closer"         daemon [_thread_blocked, id=27088, stack(0x000000b680d00000,0x000000b680e00000) (1024K)]
  0x000002289490ef00 JavaThread "SCR Component Actor"        daemon [_thread_blocked, id=25772, stack(0x000000b680f00000,0x000000b681000000) (1024K)]
  0x00000228992b87a0 JavaThread "Worker-JM"                         [_thread_blocked, id=6740, stack(0x000000b681000000,0x000000b681100000) (1024K)]
  0x000002289467a330 JavaThread "JNA Cleaner"                daemon [_thread_blocked, id=28280, stack(0x000000b680a00000,0x000000b680b00000) (1024K)]
  0x0000022894679ca0 JavaThread "Worker-0: Initialize Workspace"        [_thread_blocked, id=24052, stack(0x000000b680e00000,0x000000b680f00000) (1024K)]
  0x000002289467a9c0 JavaThread "Worker-1"                          [_thread_blocked, id=24120, stack(0x000000b681100000,0x000000b681200000) (1024K)]
  0x000002289977f130 JavaThread "Worker-2"                          [_thread_blocked, id=27996, stack(0x000000b681200000,0x000000b681300000) (1024K)]
  0x000002289977dd80 JavaThread "Java indexing"              daemon [_thread_in_Java, id=11348, stack(0x000000b681500000,0x000000b681600000) (1024K)]
  0x000002289977e410 JavaThread "Worker-3"                          [_thread_blocked, id=26748, stack(0x000000b681800000,0x000000b681900000) (1024K)]
  0x000002289977fe50 JavaThread "Worker-4"                          [_thread_blocked, id=24632, stack(0x000000b681900000,0x000000b681a00000) (1024K)]
  0x000002289977d6f0 JavaThread "Worker-5"                          [_thread_blocked, id=21852, stack(0x000000b681a00000,0x000000b681b00000) (1024K)]
  0x000002289977c9d0 JavaThread "Worker-6: Java indexing... "        [_thread_blocked, id=26392, stack(0x000000b681b00000,0x000000b681c00000) (1024K)]
  0x00000228997804e0 JavaThread "Thread-1"                   daemon [_thread_in_native, id=23288, stack(0x000000b681c00000,0x000000b681d00000) (1024K)]
  0x000002289977eaa0 JavaThread "Thread-2"                   daemon [_thread_in_native, id=24028, stack(0x000000b681d00000,0x000000b681e00000) (1024K)]
  0x000002289977f7c0 JavaThread "Thread-3"                   daemon [_thread_in_native, id=4228, stack(0x000000b681e00000,0x000000b681f00000) (1024K)]
  0x000002289977d060 JavaThread "Thread-4"                   daemon [_thread_in_native, id=26784, stack(0x000000b681f00000,0x000000b682000000) (1024K)]
  0x0000022899781f20 JavaThread "Thread-5"                   daemon [_thread_in_native, id=27944, stack(0x000000b682000000,0x000000b682100000) (1024K)]
  0x00000228997825b0 JavaThread "Thread-6"                   daemon [_thread_in_native, id=12100, stack(0x000000b682100000,0x000000b682200000) (1024K)]
  0x0000022899783960 JavaThread "Thread-7"                   daemon [_thread_in_native, id=28116, stack(0x000000b682200000,0x000000b682300000) (1024K)]
  0x0000022899781890 JavaThread "Thread-8"                   daemon [_thread_in_native, id=24932, stack(0x000000b682300000,0x000000b682400000) (1024K)]
  0x00000228997832d0 JavaThread "Thread-9"                   daemon [_thread_in_native, id=22064, stack(0x000000b682400000,0x000000b682500000) (1024K)]
  0x0000022899782c40 JavaThread "Thread-10"                  daemon [_thread_in_native, id=17416, stack(0x000000b682500000,0x000000b682600000) (1024K)]
  0x0000022899783ff0 JavaThread "Thread-11"                  daemon [_thread_in_native, id=27544, stack(0x000000b682600000,0x000000b682700000) (1024K)]
  0x0000022899780b70 JavaThread "Thread-12"                  daemon [_thread_in_native, id=28624, stack(0x000000b682700000,0x000000b682800000) (1024K)]
  0x0000022899781200 JavaThread "Thread-13"                  daemon [_thread_in_native, id=24396, stack(0x000000b682800000,0x000000b682900000) (1024K)]
  0x000002289a181900 JavaThread "pool-2-thread-1"                   [_thread_blocked, id=26848, stack(0x000000b682900000,0x000000b682a00000) (1024K)]
  0x000002289a182620 JavaThread "WorkspaceEventsHandler"            [_thread_blocked, id=26936, stack(0x000000b682b00000,0x000000b682c00000) (1024K)]
  0x000002289a182cb0 JavaThread "pool-1-thread-1"                   [_thread_blocked, id=21960, stack(0x000000b682c00000,0x000000b682d00000) (1024K)]
  0x000002289a184060 JavaThread "Equinox resolver thread - Equinox Container: 3d333737-6d2e-497a-b255-e404fb08158d" daemon [_thread_blocked, id=18744, stack(0x000000b682f00000,0x000000b683000000) (1024K)]
  0x000002289a180be0 JavaThread "Equinox resolver thread - Equinox Container: 3d333737-6d2e-497a-b255-e404fb08158d" daemon [_thread_blocked, id=28184, stack(0x000000b683000000,0x000000b683100000) (1024K)]
  0x000002289a1867c0 JavaThread "Equinox resolver thread - Equinox Container: 3d333737-6d2e-497a-b255-e404fb08158d" daemon [_thread_blocked, id=20812, stack(0x000000b683100000,0x000000b683200000) (1024K)]
  0x000002289a1846f0 JavaThread "Equinox resolver thread - Equinox Container: 3d333737-6d2e-497a-b255-e404fb08158d" daemon [_thread_blocked, id=27528, stack(0x000000b683200000,0x000000b683300000) (1024K)]
  0x000002289a186e50 JavaThread "Equinox resolver thread - Equinox Container: 3d333737-6d2e-497a-b255-e404fb08158d" daemon [_thread_blocked, id=26968, stack(0x000000b683300000,0x000000b683400000) (1024K)]
  0x000002289a186130 JavaThread "Equinox resolver thread - Equinox Container: 3d333737-6d2e-497a-b255-e404fb08158d" daemon [_thread_blocked, id=16836, stack(0x000000b683400000,0x000000b683500000) (1024K)]
  0x000002289a185aa0 JavaThread "Equinox resolver thread - Equinox Container: 3d333737-6d2e-497a-b255-e404fb08158d" daemon [_thread_blocked, id=7608, stack(0x000000b683500000,0x000000b683600000) (1024K)]
  0x000002289a185410 JavaThread "Equinox resolver thread - Equinox Container: 3d333737-6d2e-497a-b255-e404fb08158d" daemon [_thread_blocked, id=2104, stack(0x000000b683600000,0x000000b683700000) (1024K)]
  0x000002289a1874e0 JavaThread "Equinox resolver thread - Equinox Container: 3d333737-6d2e-497a-b255-e404fb08158d" daemon [_thread_blocked, id=25348, stack(0x000000b683700000,0x000000b683800000) (1024K)]
  0x000002289a184d80 JavaThread "Equinox resolver thread - Equinox Container: 3d333737-6d2e-497a-b255-e404fb08158d" daemon [_thread_blocked, id=23480, stack(0x000000b683800000,0x000000b683900000) (1024K)]
  0x000002289a187b70 JavaThread "Equinox resolver thread - Equinox Container: 3d333737-6d2e-497a-b255-e404fb08158d" daemon [_thread_blocked, id=15792, stack(0x000000b683900000,0x000000b683a00000) (1024K)]
  0x0000022899689cc0 JavaThread "Equinox resolver thread - Equinox Container: 3d333737-6d2e-497a-b255-e404fb08158d" daemon [_thread_blocked, id=21340, stack(0x000000b683a00000,0x000000b683b00000) (1024K)]
  0x000002289968b070 Thread "Unknown thread"                        [id=13188, stack(0x000000b682e00000,0x000000b682f00000) (1024K)]
=>0x000002289d129810 JavaThread "C2 CompilerThread1"         daemon [_thread_in_native, id=27360, stack(0x000000b681300000,0x000000b681400000) (1024K)]
  0x000002289cc378c0 JavaThread "C2 CompilerThread2"         daemon [_thread_in_native, id=19336, stack(0x000000b681400000,0x000000b681500000) (1024K)]
Total: 58

Other Threads:
  0x000002283a904970 VMThread "VM Thread"                           [id=24520, stack(0x000000b6ff200000,0x000000b6ff300000) (1024K)]
  0x000002283a7fca00 WatcherThread "VM Periodic Task Thread"        [id=7528, stack(0x000000b6ff100000,0x000000b6ff200000) (1024K)]
  0x000002283a98afa0 WorkerThread "GC Thread#0"                     [id=21608, stack(0x000000b6ff000000,0x000000b6ff100000) (1024K)]
  0x00000228990148d0 WorkerThread "GC Thread#1"                     [id=23196, stack(0x000000b6fff00000,0x000000b700000000) (1024K)]
  0x00000228991ed0a0 WorkerThread "GC Thread#2"                     [id=5472, stack(0x000000b680000000,0x000000b680100000) (1024K)]
  0x00000228991ed450 WorkerThread "GC Thread#3"                     [id=3460, stack(0x000000b680100000,0x000000b680200000) (1024K)]
  0x00000228991ed800 WorkerThread "GC Thread#4"                     [id=21728, stack(0x000000b680200000,0x000000b680300000) (1024K)]
  0x0000022894b1d7d0 WorkerThread "GC Thread#5"                     [id=24240, stack(0x000000b680300000,0x000000b680400000) (1024K)]
  0x0000022894b1db80 WorkerThread "GC Thread#6"                     [id=28188, stack(0x000000b680400000,0x000000b680500000) (1024K)]
  0x00000228936d4f30 WorkerThread "GC Thread#7"                     [id=24116, stack(0x000000b680600000,0x000000b680700000) (1024K)]
  0x000002289472b110 WorkerThread "GC Thread#8"                     [id=20684, stack(0x000000b680b00000,0x000000b680c00000) (1024K)]
  0x0000022894a66920 WorkerThread "GC Thread#9"                     [id=28084, stack(0x000000b680c00000,0x000000b680d00000) (1024K)]
Total: 12

Threads with active compile tasks:
C2 CompilerThread0  55889 9457 %     4       org.lombokweb.asm.ClassReader::readCode @ 92 (5117 bytes)
C2 CompilerThread1  55889 9460       4       lombok.patcher.PatchScript$MethodPatcher::visitMethod (158 bytes)
C2 CompilerThread2  55889 9461       4       org.lombokweb.asm.ClassReader::readMethod (1070 bytes)
Total: 3

VM state: not at safepoint (normal execution)

VM Mutex/Monitor currently owned by a thread: None

Heap address: 0x0000000080000000, size: 2048 MB, Compressed Oops mode: 32-bit

CDS archive(s) mapped at: [0x0000022852000000-0x0000022852ba0000-0x0000022852ba0000), size 12189696, SharedBaseAddress: 0x0000022852000000, ArchiveRelocationMode: 1.
Compressed class space mapped at: 0x0000022853000000-0x0000022893000000, reserved size: 1073741824
Narrow klass base: 0x0000022852000000, Narrow klass shift: 0, Narrow klass range: 0x100000000

GC Precious Log:
 CardTable entry size: 512
 CPUs: 12 total, 12 available
 Memory: 7583M
 Large Page Support: Disabled
 NUMA Support: Disabled
 Compressed Oops: Enabled (32-bit)
 Alignments: Space 512K, Generation 512K, Heap 2M
 Heap Min Capacity: 100M
 Heap Initial Capacity: 100M
 Heap Max Capacity: 2G
 Pre-touch: Disabled
 Parallel Workers: 10

Heap:
 PSYoungGen      total 4608K, used 1511K [0x00000000d5580000, 0x00000000d5e00000, 0x0000000100000000)
  eden space 3584K, 13% used [0x00000000d5580000,0x00000000d55f9c88,0x00000000d5900000)
  from space 1024K, 100% used [0x00000000d5b00000,0x00000000d5c00000,0x00000000d5c00000)
  to   space 2048K, 0% used [0x00000000d5900000,0x00000000d5900000,0x00000000d5b00000)
 ParOldGen       total 723456K, used 327337K [0x0000000080000000, 0x00000000ac280000, 0x00000000d5580000)
  object space 723456K, 45% used [0x0000000080000000,0x0000000093faa5f8,0x00000000ac280000)
 Metaspace       used 59047K, committed 60288K, reserved 1114112K
  class space    used 6381K, committed 6912K, reserved 1048576K

Card table byte_map: [0x000002283a310000,0x000002283a720000] _byte_map_base: 0x0000022839f10000

Marking Bits: (ParMarkBitMap*) 0x00007ff803653450
 Begin Bits: [0x000002284ce20000, 0x000002284ee20000)
 End Bits:   [0x000002284ee20000, 0x0000022850e20000)

Polling page: 0x0000022838760000

Metaspace:

Usage:
  Non-class:     51.43 MB used.
      Class:      6.23 MB used.
       Both:     57.66 MB used.

Virtual space:
  Non-class space:       64.00 MB reserved,      52.12 MB ( 81%) committed,  1 nodes.
      Class space:        1.00 GB reserved,       6.75 MB ( <1%) committed,  1 nodes.
             Both:        1.06 GB reserved,      58.88 MB (  5%) committed. 

Chunk freelists:
   Non-Class:  11.05 MB
       Class:  9.16 MB
        Both:  20.21 MB

MaxMetaspaceSize: unlimited
CompressedClassSpaceSize: 1.00 GB
Initial GC threshold: 21.00 MB
Current GC threshold: 97.31 MB
CDS: on
 - commit_granule_bytes: 65536.
 - commit_granule_words: 8192.
 - virtual_space_node_default_size: 8388608.
 - enlarge_chunks_in_place: 1.
 - use_allocation_guard: 0.


Internal statistics:

num_allocs_failed_limit: 9.
num_arena_births: 894.
num_arena_deaths: 14.
num_vsnodes_births: 2.
num_vsnodes_deaths: 0.
num_space_committed: 942.
num_space_uncommitted: 0.
num_chunks_returned_to_freelist: 23.
num_chunks_taken_from_freelist: 3310.
num_chunk_merges: 12.
num_chunk_splits: 2087.
num_chunks_enlarged: 1271.
num_inconsistent_stats: 0.

CodeHeap 'non-profiled nmethods': size=120000Kb used=7319Kb max_used=7430Kb free=112680Kb
 bounds [0x0000022845640000, 0x0000022845d90000, 0x000002284cb70000]
CodeHeap 'profiled nmethods': size=120000Kb used=18737Kb max_used=19457Kb free=101262Kb
 bounds [0x000002283db70000, 0x000002283ee80000, 0x00000228450a0000]
CodeHeap 'non-nmethods': size=5760Kb used=1452Kb max_used=1515Kb free=4307Kb
 bounds [0x00000228450a0000, 0x0000022845310000, 0x0000022845640000]
CodeCache: size=245760Kb, used=27508Kb, max_used=28402Kb, free=218249Kb
 total_blobs=9468, nmethods=8703, adapters=671, full_count=0
Compilation: enabled, stopped_count=0, restarted_count=0

Compilation events (20 events):
Event: 55.076 Thread 0x000002283aa2c2a0 9464       3       org.lombokweb.asm.SymbolTable::addConstantMethodHandle (51 bytes)
Event: 55.076 Thread 0x000002283aa2c2a0 nmethod 9464 0x000002283ee6d110 code [0x000002283ee6d320, 0x000002283ee6d790]
Event: 55.080 Thread 0x000002283aa2c2a0 9466       3       org.lombokweb.asm.MethodVisitor::visitCode (15 bytes)
Event: 55.083 Thread 0x000002283aa2c2a0 nmethod 9466 0x000002283ee6da90 code [0x000002283ee6dc40, 0x000002283ee6de48]
Event: 55.083 Thread 0x000002283aa2c2a0 9467       3       org.lombokweb.asm.MethodVisitor::visitMaxs (17 bytes)
Event: 55.084 Thread 0x000002283aa2c2a0 nmethod 9467 0x000002283ee6df10 code [0x000002283ee6e0c0, 0x000002283ee6e2c8]
Event: 55.084 Thread 0x000002283aa2c2a0 9468       3       org.lombokweb.asm.MethodVisitor::visitEnd (15 bytes)
Event: 55.084 Thread 0x000002283aa2c2a0 nmethod 9468 0x000002283ee6e390 code [0x000002283ee6e540, 0x000002283ee6e748]
Event: 55.085 Thread 0x000002289d129810 nmethod 9439 0x0000022845d76b10 code [0x0000022845d76d60, 0x0000022845d78090]
Event: 55.085 Thread 0x000002289d129810 9460       4       lombok.patcher.PatchScript$MethodPatcher::visitMethod (158 bytes)
Event: 55.091 Thread 0x000002283aa2c2a0 9470       3       org.lombokweb.asm.MethodWriter::visitLdcInsn (215 bytes)
Event: 55.093 Thread 0x000002283aa2c2a0 nmethod 9470 0x000002283ee6e810 code [0x000002283ee6eaa0, 0x000002283ee6f5a0]
Event: 55.118 Thread 0x000002283aa2c2a0 9472   !   2       java.lang.ref.Reference::processPendingReferences (118 bytes)
Event: 55.119 Thread 0x000002283aa2c2a0 nmethod 9472 0x000002283ee6fa10 code [0x000002283ee6fc20, 0x000002283ee70200]
Event: 55.131 Thread 0x000002289cc378c0 nmethod 9420% 0x0000022845d78b90 code [0x0000022845d792c0, 0x0000022845d7da38]
Event: 55.132 Thread 0x000002289cc378c0 9469 %     4       org.eclipse.jdt.internal.core.index.DiskIndex::writeDocumentNumbers @ 197 (384 bytes)
Event: 55.158 Thread 0x000002289cc378c0 nmethod 9469% 0x0000022845d80e90 code [0x0000022845d81060, 0x0000022845d81850]
Event: 55.158 Thread 0x000002289cc378c0 9461       4       org.lombokweb.asm.ClassReader::readMethod (1070 bytes)
Event: 55.759 Thread 0x000002283aa2c2a0 9474       3       lombok.launch.ShadowClassLoader::exclusionListMatch (44 bytes)
Event: 55.759 Thread 0x000002283aa2c2a0 nmethod 9474 0x000002283ddaa990 code [0x000002283ddaaba0, 0x000002283ddab1c8]

GC Heap History (20 events):
Event: 54.995 GC heap before
{Heap before GC invocations=573 (full 2):
 PSYoungGen      total 4608K, used 4532K [0x00000000d5580000, 0x00000000d5b80000, 0x0000000100000000)
  eden space 3072K, 100% used [0x00000000d5580000,0x00000000d5880000,0x00000000d5880000)
  from space 1536K, 95% used [0x00000000d5a00000,0x00000000d5b6d100,0x00000000d5b80000)
  to   space 1536K, 0% used [0x00000000d5880000,0x00000000d5880000,0x00000000d5a00000)
 ParOldGen       total 719360K, used 719359K [0x0000000080000000, 0x00000000abe80000, 0x00000000d5580000)
  object space 719360K, 99% used [0x0000000080000000,0x00000000abe7fcc0,0x00000000abe80000)
 Metaspace       used 57712K, committed 58944K, reserved 1114112K
  class space    used 6257K, committed 6784K, reserved 1048576K
}
Event: 54.998 GC heap after
{Heap after GC invocations=573 (full 2):
 PSYoungGen      total 4608K, used 1013K [0x00000000d5580000, 0x00000000d5c80000, 0x0000000100000000)
  eden space 3072K, 0% used [0x00000000d5580000,0x00000000d5580000,0x00000000d5880000)
  from space 1536K, 65% used [0x00000000d5880000,0x00000000d597d700,0x00000000d5a00000)
  to   space 1536K, 0% used [0x00000000d5b00000,0x00000000d5b00000,0x00000000d5c80000)
 ParOldGen       total 719872K, used 719519K [0x0000000080000000, 0x00000000abf00000, 0x00000000d5580000)
  object space 719872K, 99% used [0x0000000080000000,0x00000000abea7cc0,0x00000000abf00000)
 Metaspace       used 57712K, committed 58944K, reserved 1114112K
  class space    used 6257K, committed 6784K, reserved 1048576K
}
Event: 55.028 GC heap before
{Heap before GC invocations=574 (full 2):
 PSYoungGen      total 4608K, used 4085K [0x00000000d5580000, 0x00000000d5c80000, 0x0000000100000000)
  eden space 3072K, 100% used [0x00000000d5580000,0x00000000d5880000,0x00000000d5880000)
  from space 1536K, 65% used [0x00000000d5880000,0x00000000d597d700,0x00000000d5a00000)
  to   space 1536K, 0% used [0x00000000d5b00000,0x00000000d5b00000,0x00000000d5c80000)
 ParOldGen       total 719872K, used 719519K [0x0000000080000000, 0x00000000abf00000, 0x00000000d5580000)
  object space 719872K, 99% used [0x0000000080000000,0x00000000abea7cc0,0x00000000abf00000)
 Metaspace       used 57712K, committed 58944K, reserved 1114112K
  class space    used 6257K, committed 6784K, reserved 1048576K
}
Event: 55.031 GC heap after
{Heap after GC invocations=574 (full 2):
 PSYoungGen      total 4096K, used 621K [0x00000000d5580000, 0x00000000d5c00000, 0x0000000100000000)
  eden space 3072K, 0% used [0x00000000d5580000,0x00000000d5580000,0x00000000d5880000)
  from space 1024K, 60% used [0x00000000d5b00000,0x00000000d5b9b640,0x00000000d5c00000)
  to   space 1024K, 0% used [0x00000000d5a00000,0x00000000d5a00000,0x00000000d5b00000)
 ParOldGen       total 719872K, used 719527K [0x0000000080000000, 0x00000000abf00000, 0x00000000d5580000)
  object space 719872K, 99% used [0x0000000080000000,0x00000000abea9cc0,0x00000000abf00000)
 Metaspace       used 57712K, committed 58944K, reserved 1114112K
  class space    used 6257K, committed 6784K, reserved 1048576K
}
Event: 55.043 GC heap before
{Heap before GC invocations=575 (full 2):
 PSYoungGen      total 4096K, used 3693K [0x00000000d5580000, 0x00000000d5c00000, 0x0000000100000000)
  eden space 3072K, 100% used [0x00000000d5580000,0x00000000d5880000,0x00000000d5880000)
  from space 1024K, 60% used [0x00000000d5b00000,0x00000000d5b9b640,0x00000000d5c00000)
  to   space 1024K, 0% used [0x00000000d5a00000,0x00000000d5a00000,0x00000000d5b00000)
 ParOldGen       total 719872K, used 719527K [0x0000000080000000, 0x00000000abf00000, 0x00000000d5580000)
  object space 719872K, 99% used [0x0000000080000000,0x00000000abea9cc0,0x00000000abf00000)
 Metaspace       used 57714K, committed 58944K, reserved 1114112K
  class space    used 6257K, committed 6784K, reserved 1048576K
}
Event: 55.046 GC heap after
{Heap after GC invocations=575 (full 2):
 PSYoungGen      total 4096K, used 996K [0x00000000d5580000, 0x00000000d5b80000, 0x0000000100000000)
  eden space 3072K, 0% used [0x00000000d5580000,0x00000000d5580000,0x00000000d5880000)
  from space 1024K, 97% used [0x00000000d5a00000,0x00000000d5af9008,0x00000000d5b00000)
  to   space 512K, 0% used [0x00000000d5b00000,0x00000000d5b00000,0x00000000d5b80000)
 ParOldGen       total 720384K, used 719919K [0x0000000080000000, 0x00000000abf80000, 0x00000000d5580000)
  object space 720384K, 99% used [0x0000000080000000,0x00000000abf0bcc0,0x00000000abf80000)
 Metaspace       used 57714K, committed 58944K, reserved 1114112K
  class space    used 6257K, committed 6784K, reserved 1048576K
}
Event: 55.056 GC heap before
{Heap before GC invocations=576 (full 2):
 PSYoungGen      total 4096K, used 4068K [0x00000000d5580000, 0x00000000d5b80000, 0x0000000100000000)
  eden space 3072K, 100% used [0x00000000d5580000,0x00000000d5880000,0x00000000d5880000)
  from space 1024K, 97% used [0x00000000d5a00000,0x00000000d5af9008,0x00000000d5b00000)
  to   space 512K, 0% used [0x00000000d5b00000,0x00000000d5b00000,0x00000000d5b80000)
 ParOldGen       total 720384K, used 719919K [0x0000000080000000, 0x00000000abf80000, 0x00000000d5580000)
  object space 720384K, 99% used [0x0000000080000000,0x00000000abf0bcc0,0x00000000abf80000)
 Metaspace       used 57714K, committed 58944K, reserved 1114112K
  class space    used 6257K, committed 6784K, reserved 1048576K
}
Event: 55.059 GC heap after
{Heap after GC invocations=576 (full 2):
 PSYoungGen      total 4608K, used 500K [0x00000000d5580000, 0x00000000d5c80000, 0x0000000100000000)
  eden space 4096K, 0% used [0x00000000d5580000,0x00000000d5580000,0x00000000d5980000)
  from space 512K, 97% used [0x00000000d5b00000,0x00000000d5b7d2d0,0x00000000d5b80000)
  to   space 1536K, 0% used [0x00000000d5980000,0x00000000d5980000,0x00000000d5b00000)
 ParOldGen       total 720896K, used 720579K [0x0000000080000000, 0x00000000ac000000, 0x00000000d5580000)
  object space 720896K, 99% used [0x0000000080000000,0x00000000abfb0d40,0x00000000ac000000)
 Metaspace       used 57714K, committed 58944K, reserved 1114112K
  class space    used 6257K, committed 6784K, reserved 1048576K
}
Event: 55.068 GC heap before
{Heap before GC invocations=577 (full 2):
 PSYoungGen      total 4608K, used 4596K [0x00000000d5580000, 0x00000000d5c80000, 0x0000000100000000)
  eden space 4096K, 100% used [0x00000000d5580000,0x00000000d5980000,0x00000000d5980000)
  from space 512K, 97% used [0x00000000d5b00000,0x00000000d5b7d2d0,0x00000000d5b80000)
  to   space 1536K, 0% used [0x00000000d5980000,0x00000000d5980000,0x00000000d5b00000)
 ParOldGen       total 720896K, used 720579K [0x0000000080000000, 0x00000000ac000000, 0x00000000d5580000)
  object space 720896K, 99% used [0x0000000080000000,0x00000000abfb0d40,0x00000000ac000000)
 Metaspace       used 57714K, committed 58944K, reserved 1114112K
  class space    used 6257K, committed 6784K, reserved 1048576K
}
Event: 55.071 GC heap after
{Heap after GC invocations=577 (full 2):
 PSYoungGen      total 5632K, used 1270K [0x00000000d5580000, 0x00000000d5d80000, 0x0000000100000000)
  eden space 4096K, 0% used [0x00000000d5580000,0x00000000d5580000,0x00000000d5980000)
  from space 1536K, 82% used [0x00000000d5980000,0x00000000d5abda18,0x00000000d5b00000)
  to   space 1536K, 0% used [0x00000000d5c00000,0x00000000d5c00000,0x00000000d5d80000)
 ParOldGen       total 721408K, used 721094K [0x0000000080000000, 0x00000000ac080000, 0x00000000d5580000)
  object space 721408K, 99% used [0x0000000080000000,0x00000000ac031a40,0x00000000ac080000)
 Metaspace       used 57714K, committed 58944K, reserved 1114112K
  class space    used 6257K, committed 6784K, reserved 1048576K
}
Event: 55.080 GC heap before
{Heap before GC invocations=578 (full 2):
 PSYoungGen      total 5632K, used 5366K [0x00000000d5580000, 0x00000000d5d80000, 0x0000000100000000)
  eden space 4096K, 100% used [0x00000000d5580000,0x00000000d5980000,0x00000000d5980000)
  from space 1536K, 82% used [0x00000000d5980000,0x00000000d5abda18,0x00000000d5b00000)
  to   space 1536K, 0% used [0x00000000d5c00000,0x00000000d5c00000,0x00000000d5d80000)
 ParOldGen       total 721408K, used 721094K [0x0000000080000000, 0x00000000ac080000, 0x00000000d5580000)
  object space 721408K, 99% used [0x0000000080000000,0x00000000ac031a40,0x00000000ac080000)
 Metaspace       used 57714K, committed 58944K, reserved 1114112K
  class space    used 6257K, committed 6784K, reserved 1048576K
}
Event: 55.083 GC heap after
{Heap after GC invocations=578 (full 2):
 PSYoungGen      total 6144K, used 1510K [0x00000000d5580000, 0x00000000d5e80000, 0x0000000100000000)
  eden space 4608K, 0% used [0x00000000d5580000,0x00000000d5580000,0x00000000d5a00000)
  from space 1536K, 98% used [0x00000000d5c00000,0x00000000d5d79a20,0x00000000d5d80000)
  to   space 2048K, 0% used [0x00000000d5a00000,0x00000000d5a00000,0x00000000d5c00000)
 ParOldGen       total 721408K, used 721346K [0x0000000080000000, 0x00000000ac080000, 0x00000000d5580000)
  object space 721408K, 99% used [0x0000000080000000,0x00000000ac070a50,0x00000000ac080000)
 Metaspace       used 57714K, committed 58944K, reserved 1114112K
  class space    used 6257K, committed 6784K, reserved 1048576K
}
Event: 55.114 GC heap before
{Heap before GC invocations=579 (full 2):
 PSYoungGen      total 6144K, used 6118K [0x00000000d5580000, 0x00000000d5e80000, 0x0000000100000000)
  eden space 4608K, 100% used [0x00000000d5580000,0x00000000d5a00000,0x00000000d5a00000)
  from space 1536K, 98% used [0x00000000d5c00000,0x00000000d5d79a20,0x00000000d5d80000)
  to   space 2048K, 0% used [0x00000000d5a00000,0x00000000d5a00000,0x00000000d5c00000)
 ParOldGen       total 721408K, used 721346K [0x0000000080000000, 0x00000000ac080000, 0x00000000d5580000)
  object space 721408K, 99% used [0x0000000080000000,0x00000000ac070a50,0x00000000ac080000)
 Metaspace       used 57971K, committed 59200K, reserved 1114112K
  class space    used 6272K, committed 6784K, reserved 1048576K
}
Event: 55.117 GC heap after
{Heap after GC invocations=579 (full 2):
 PSYoungGen      total 5632K, used 608K [0x00000000d5580000, 0x00000000d5d00000, 0x0000000100000000)
  eden space 4608K, 0% used [0x00000000d5580000,0x00000000d5580000,0x00000000d5a00000)
  from space 1024K, 59% used [0x00000000d5a00000,0x00000000d5a98000,0x00000000d5b00000)
  to   space 1536K, 0% used [0x00000000d5b80000,0x00000000d5b80000,0x00000000d5d00000)
 ParOldGen       total 721920K, used 721730K [0x0000000080000000, 0x00000000ac100000, 0x00000000d5580000)
  object space 721920K, 99% used [0x0000000080000000,0x00000000ac0d0a50,0x00000000ac100000)
 Metaspace       used 57971K, committed 59200K, reserved 1114112K
  class space    used 6272K, committed 6784K, reserved 1048576K
}
Event: 55.163 GC heap before
{Heap before GC invocations=580 (full 2):
 PSYoungGen      total 5632K, used 5215K [0x00000000d5580000, 0x00000000d5d00000, 0x0000000100000000)
  eden space 4608K, 99% used [0x00000000d5580000,0x00000000d59fffe8,0x00000000d5a00000)
  from space 1024K, 59% used [0x00000000d5a00000,0x00000000d5a98000,0x00000000d5b00000)
  to   space 1536K, 0% used [0x00000000d5b80000,0x00000000d5b80000,0x00000000d5d00000)
 ParOldGen       total 721920K, used 721730K [0x0000000080000000, 0x00000000ac100000, 0x00000000d5580000)
  object space 721920K, 99% used [0x0000000080000000,0x00000000ac0d0a70,0x00000000ac100000)
 Metaspace       used 58399K, committed 59584K, reserved 1114112K
  class space    used 6319K, committed 6848K, reserved 1048576K
}
Event: 55.169 GC heap after
{Heap after GC invocations=580 (full 2):
 PSYoungGen      total 6144K, used 1216K [0x00000000d5580000, 0x00000000d5d00000, 0x0000000100000000)
  eden space 4608K, 0% used [0x00000000d5580000,0x00000000d5580000,0x00000000d5a00000)
  from space 1536K, 79% used [0x00000000d5b80000,0x00000000d5cb0000,0x00000000d5d00000)
  to   space 1536K, 0% used [0x00000000d5a00000,0x00000000d5a00000,0x00000000d5b80000)
 ParOldGen       total 722432K, used 722210K [0x0000000080000000, 0x00000000ac180000, 0x00000000d5580000)
  object space 722432K, 99% used [0x0000000080000000,0x00000000ac148a70,0x00000000ac180000)
 Metaspace       used 58399K, committed 59584K, reserved 1114112K
  class space    used 6319K, committed 6848K, reserved 1048576K
}
Event: 55.197 GC heap before
{Heap before GC invocations=581 (full 2):
 PSYoungGen      total 6144K, used 2834K [0x00000000d5580000, 0x00000000d5d00000, 0x0000000100000000)
  eden space 4608K, 35% used [0x00000000d5580000,0x00000000d5714b30,0x00000000d5a00000)
  from space 1536K, 79% used [0x00000000d5b80000,0x00000000d5cb0000,0x00000000d5d00000)
  to   space 1536K, 0% used [0x00000000d5a00000,0x00000000d5a00000,0x00000000d5b80000)
 ParOldGen       total 722432K, used 722210K [0x0000000080000000, 0x00000000ac180000, 0x00000000d5580000)
  object space 722432K, 99% used [0x0000000080000000,0x00000000ac148a70,0x00000000ac180000)
 Metaspace       used 58599K, committed 59776K, reserved 1114112K
  class space    used 6342K, committed 6848K, reserved 1048576K
}
Event: 55.201 GC heap after
{Heap after GC invocations=581 (full 2):
 PSYoungGen      total 5120K, used 352K [0x00000000d5580000, 0x00000000d5c00000, 0x0000000100000000)
  eden space 4608K, 0% used [0x00000000d5580000,0x00000000d5580000,0x00000000d5a00000)
  from space 512K, 68% used [0x00000000d5a00000,0x00000000d5a58000,0x00000000d5a80000)
  to   space 1024K, 0% used [0x00000000d5b00000,0x00000000d5b00000,0x00000000d5c00000)
 ParOldGen       total 723456K, used 723290K [0x0000000080000000, 0x00000000ac280000, 0x00000000d5580000)
  object space 723456K, 99% used [0x0000000080000000,0x00000000ac256a70,0x00000000ac280000)
 Metaspace       used 58599K, committed 59776K, reserved 1114112K
  class space    used 6342K, committed 6848K, reserved 1048576K
}
Event: 55.201 GC heap before
{Heap before GC invocations=582 (full 3):
 PSYoungGen      total 5120K, used 352K [0x00000000d5580000, 0x00000000d5c00000, 0x0000000100000000)
  eden space 4608K, 0% used [0x00000000d5580000,0x00000000d5580000,0x00000000d5a00000)
  from space 512K, 68% used [0x00000000d5a00000,0x00000000d5a58000,0x00000000d5a80000)
  to   space 1024K, 0% used [0x00000000d5b00000,0x00000000d5b00000,0x00000000d5c00000)
 ParOldGen       total 723456K, used 723290K [0x0000000080000000, 0x00000000ac280000, 0x00000000d5580000)
  object space 723456K, 99% used [0x0000000080000000,0x00000000ac256a70,0x00000000ac280000)
 Metaspace       used 58599K, committed 59776K, reserved 1114112K
  class space    used 6342K, committed 6848K, reserved 1048576K
}
Event: 55.680 GC heap after
{Heap after GC invocations=582 (full 3):
 PSYoungGen      total 5120K, used 0K [0x00000000d5580000, 0x00000000d5c00000, 0x0000000100000000)
  eden space 4608K, 0% used [0x00000000d5580000,0x00000000d5580000,0x00000000d5a00000)
  from space 512K, 0% used [0x00000000d5a00000,0x00000000d5a00000,0x00000000d5a80000)
  to   space 1024K, 0% used [0x00000000d5b00000,0x00000000d5b00000,0x00000000d5c00000)
 ParOldGen       total 723456K, used 326867K [0x0000000080000000, 0x00000000ac280000, 0x00000000d5580000)
  object space 723456K, 45% used [0x0000000080000000,0x0000000093f34e68,0x00000000ac280000)
 Metaspace       used 58599K, committed 59776K, reserved 1114112K
  class space    used 6342K, committed 6848K, reserved 1048576K
}

Dll operation events (12 events):
Event: 0.024 Loaded shared library c:\Users\piyus\.vscode\extensions\redhat.java-1.54.0-win32-x64\jre\21.0.10-win32-x86_64\bin\java.dll
Event: 0.168 Loaded shared library c:\Users\piyus\.vscode\extensions\redhat.java-1.54.0-win32-x64\jre\21.0.10-win32-x86_64\bin\zip.dll
Event: 0.214 Loaded shared library C:\Users\piyus\.vscode\extensions\redhat.java-1.54.0-win32-x64\jre\21.0.10-win32-x86_64\bin\instrument.dll
Event: 0.226 Loaded shared library C:\Users\piyus\.vscode\extensions\redhat.java-1.54.0-win32-x64\jre\21.0.10-win32-x86_64\bin\net.dll
Event: 0.232 Loaded shared library C:\Users\piyus\.vscode\extensions\redhat.java-1.54.0-win32-x64\jre\21.0.10-win32-x86_64\bin\nio.dll
Event: 0.239 Loaded shared library C:\Users\piyus\.vscode\extensions\redhat.java-1.54.0-win32-x64\jre\21.0.10-win32-x86_64\bin\zip.dll
Event: 0.281 Loaded shared library C:\Users\piyus\.vscode\extensions\redhat.java-1.54.0-win32-x64\jre\21.0.10-win32-x86_64\bin\jimage.dll
Event: 0.463 Loaded shared library c:\Users\piyus\.vscode\extensions\redhat.java-1.54.0-win32-x64\jre\21.0.10-win32-x86_64\bin\verify.dll
Event: 15.593 Loaded shared library C:\Users\piyus\AppData\Roaming\Code\User\globalStorage\redhat.java\1.54.0\config_win\org.eclipse.equinox.launcher\org.eclipse.equinox.launcher.win32.win32.x86_64_1.3.0.v20260203-2149\eclipse_11919.dll
Event: 33.753 Loaded shared library C:\Users\piyus\AppData\Local\Temp\jna-106682430\jna1703330593702310959.dll
Event: 36.303 Loaded shared library C:\Users\piyus\.vscode\extensions\redhat.java-1.54.0-win32-x64\jre\21.0.10-win32-x86_64\bin\sunmscapi.dll
Event: 36.503 Loaded shared library C:\Users\piyus\.vscode\extensions\redhat.java-1.54.0-win32-x64\jre\21.0.10-win32-x86_64\bin\extnet.dll

Deoptimization events (20 events):
Event: 55.039 Thread 0x0000022894679ca0 DEOPT PACKING pc=0x000002283e382733 sp=0x000000b680efac30
Event: 55.039 Thread 0x0000022894679ca0 DEOPT UNPACKING pc=0x00000228450f4242 sp=0x000000b680efa160 mode 0
Event: 55.051 Thread 0x0000022894679ca0 DEOPT PACKING pc=0x000002283e382733 sp=0x000000b680efac30
Event: 55.051 Thread 0x0000022894679ca0 DEOPT UNPACKING pc=0x00000228450f4242 sp=0x000000b680efa160 mode 0
Event: 55.060 Thread 0x0000022894679ca0 DEOPT PACKING pc=0x000002283e382733 sp=0x000000b680efac30
Event: 55.060 Thread 0x0000022894679ca0 DEOPT UNPACKING pc=0x00000228450f4242 sp=0x000000b680efa160 mode 0
Event: 55.062 Thread 0x000002289977dd80 Uncommon trap: trap_request=0xffffff45 fr.pc=0x0000022845d74c94 relative=0x0000000000000a74
Event: 55.062 Thread 0x000002289977dd80 Uncommon trap: reason=unstable_if action=reinterpret pc=0x0000022845d74c94 method=org.eclipse.jdt.internal.core.index.DiskIndex.writeCategoryTable([CLorg/eclipse/jdt/internal/compiler/util/HashtableOfObject;Ljava/io/OutputStream;)V @ 248 c2
Event: 55.062 Thread 0x000002289977dd80 DEOPT PACKING pc=0x0000022845d74c94 sp=0x000000b6815ff150
Event: 55.062 Thread 0x000002289977dd80 DEOPT UNPACKING pc=0x00000228450f3aa2 sp=0x000000b6815ff120 mode 2
Event: 55.064 Thread 0x0000022894679ca0 DEOPT PACKING pc=0x000002283e382733 sp=0x000000b680efac30
Event: 55.064 Thread 0x0000022894679ca0 DEOPT UNPACKING pc=0x00000228450f4242 sp=0x000000b680efa160 mode 0
Event: 55.071 Thread 0x0000022894679ca0 DEOPT PACKING pc=0x000002283e382733 sp=0x000000b680efac30
Event: 55.071 Thread 0x0000022894679ca0 DEOPT UNPACKING pc=0x00000228450f4242 sp=0x000000b680efa160 mode 0
Event: 55.075 Thread 0x0000022894679ca0 DEOPT PACKING pc=0x000002283e382733 sp=0x000000b680efac30
Event: 55.075 Thread 0x0000022894679ca0 DEOPT UNPACKING pc=0x00000228450f4242 sp=0x000000b680efa160 mode 0
Event: 55.094 Thread 0x0000022894679ca0 DEOPT PACKING pc=0x000002283e382733 sp=0x000000b680efac30
Event: 55.094 Thread 0x0000022894679ca0 DEOPT UNPACKING pc=0x00000228450f4242 sp=0x000000b680efa160 mode 0
Event: 55.735 Thread 0x0000022894679ca0 DEOPT PACKING pc=0x000002283e2d72fb sp=0x000000b680efd2c0
Event: 55.735 Thread 0x0000022894679ca0 DEOPT UNPACKING pc=0x00000228450f4242 sp=0x000000b680efc730 mode 0

Classes loaded (20 events):
Event: 51.696 Loading class jdk/internal/math/FormattedFPDecimal
Event: 51.699 Loading class jdk/internal/math/FormattedFPDecimal done
Event: 51.802 Loading class java/util/regex/Pattern$Caret
Event: 51.805 Loading class java/util/regex/Pattern$Caret done
Event: 51.816 Loading class java/util/regex/Pattern$LineEnding
Event: 51.816 Loading class java/util/regex/Pattern$LineEnding done
Event: 51.903 Loading class java/util/TreeMap$ValueSpliterator
Event: 51.906 Loading class java/util/TreeMap$TreeMapSpliterator
Event: 51.907 Loading class java/util/TreeMap$TreeMapSpliterator done
Event: 51.907 Loading class java/util/TreeMap$ValueSpliterator done
Event: 51.935 Loading class java/util/concurrent/Executors$DelegatedScheduledExecutorService
Event: 51.935 Loading class java/util/concurrent/Executors$DelegatedExecutorService
Event: 51.936 Loading class java/util/concurrent/Executors$DelegatedExecutorService done
Event: 51.936 Loading class java/util/concurrent/Executors$DelegatedScheduledExecutorService done
Event: 52.024 Loading class java/util/concurrent/CompletionException
Event: 52.024 Loading class java/util/concurrent/CompletionException done
Event: 52.057 Loading class java/nio/file/FileTreeWalker$1
Event: 52.057 Loading class java/nio/file/FileTreeWalker$1 done
Event: 53.400 Loading class java/lang/UnsupportedClassVersionError
Event: 53.400 Loading class java/lang/UnsupportedClassVersionError done

Classes unloaded (7 events):
Event: 34.485 Thread 0x000002283a904970 Unloading class 0x00000228531a8c00 'java/lang/invoke/LambdaForm$MH+0x00000228531a8c00'
Event: 34.485 Thread 0x000002283a904970 Unloading class 0x00000228531a8800 'java/lang/invoke/LambdaForm$MH+0x00000228531a8800'
Event: 34.485 Thread 0x000002283a904970 Unloading class 0x00000228531a8400 'java/lang/invoke/LambdaForm$MH+0x00000228531a8400'
Event: 34.485 Thread 0x000002283a904970 Unloading class 0x00000228531a8000 'java/lang/invoke/LambdaForm$MH+0x00000228531a8000'
Event: 34.485 Thread 0x000002283a904970 Unloading class 0x00000228531a7c00 'java/lang/invoke/LambdaForm$BMH+0x00000228531a7c00'
Event: 34.485 Thread 0x000002283a904970 Unloading class 0x00000228531a7800 'java/lang/invoke/LambdaForm$DMH+0x00000228531a7800'
Event: 34.485 Thread 0x000002283a904970 Unloading class 0x00000228531a6400 'java/lang/invoke/LambdaForm$DMH+0x00000228531a6400'

Classes redefined (0 events):
No events

Internal exceptions (20 events):
Event: 52.645 Thread 0x0000022894679ca0 Exception <a 'sun/nio/fs/WindowsException'{0x00000000d5ce8e20}> (0x00000000d5ce8e20) 
thrown [s\src\hotspot\share\prims\jni.cpp, line 520]
Event: 52.647 Thread 0x0000022894679ca0 Exception <a 'sun/nio/fs/WindowsException'{0x00000000d5cebf08}> (0x00000000d5cebf08) 
thrown [s\src\hotspot\share\prims\jni.cpp, line 520]
Event: 52.649 Thread 0x0000022894679ca0 Exception <a 'sun/nio/fs/WindowsException'{0x00000000d5d1d000}> (0x00000000d5d1d000) 
thrown [s\src\hotspot\share\prims\jni.cpp, line 520]
Event: 52.650 Thread 0x0000022894679ca0 Exception <a 'sun/nio/fs/WindowsException'{0x00000000d5d79088}> (0x00000000d5d79088) 
thrown [s\src\hotspot\share\prims\jni.cpp, line 520]
Event: 52.652 Thread 0x0000022894679ca0 Exception <a 'sun/nio/fs/WindowsException'{0x00000000d5d7bee0}> (0x00000000d5d7bee0) 
thrown [s\src\hotspot\share\prims\jni.cpp, line 520]
Event: 52.653 Thread 0x0000022894679ca0 Exception <a 'sun/nio/fs/WindowsException'{0x00000000d5dd8188}> (0x00000000d5dd8188) 
thrown [s\src\hotspot\share\prims\jni.cpp, line 520]
Event: 52.655 Thread 0x0000022894679ca0 Exception <a 'sun/nio/fs/WindowsException'{0x00000000d5e60ee0}> (0x00000000d5e60ee0) 
thrown [s\src\hotspot\share\prims\jni.cpp, line 520]
Event: 52.657 Thread 0x0000022894679ca0 Exception <a 'sun/nio/fs/WindowsException'{0x00000000d5e64208}> (0x00000000d5e64208) 
thrown [s\src\hotspot\share\prims\jni.cpp, line 520]
Event: 52.659 Thread 0x0000022894679ca0 Exception <a 'sun/nio/fs/WindowsException'{0x00000000d5e672b0}> (0x00000000d5e672b0) 
thrown [s\src\hotspot\share\prims\jni.cpp, line 520]
Event: 52.662 Thread 0x0000022894679ca0 Exception <a 'sun/nio/fs/WindowsException'{0x00000000d5e6a5c8}> (0x00000000d5e6a5c8) 
thrown [s\src\hotspot\share\prims\jni.cpp, line 520]
Event: 52.663 Thread 0x0000022894679ca0 Exception <a 'sun/nio/fs/WindowsException'{0x00000000d5ecae50}> (0x00000000d5ecae50) 
thrown [s\src\hotspot\share\prims\jni.cpp, line 520]
Event: 52.665 Thread 0x0000022894679ca0 Exception <a 'sun/nio/fs/WindowsException'{0x00000000d5ecdc20}> (0x00000000d5ecdc20) 
thrown [s\src\hotspot\share\prims\jni.cpp, line 520]
Event: 52.666 Thread 0x0000022894679ca0 Exception <a 'sun/nio/fs/WindowsException'{0x00000000d5f561b0}> (0x00000000d5f561b0) 
thrown [s\src\hotspot\share\prims\jni.cpp, line 520]
Event: 52.668 Thread 0x0000022894679ca0 Exception <a 'sun/nio/fs/WindowsException'{0x00000000d5f596b0}> (0x00000000d5f596b0) 
thrown [s\src\hotspot\share\prims\jni.cpp, line 520]
Event: 52.678 Thread 0x0000022894679ca0 Exception <a 'sun/nio/fs/WindowsException'{0x00000000d5583298}> (0x00000000d5583298) 
thrown [s\src\hotspot\share\prims\jni.cpp, line 520]
Event: 52.680 Thread 0x0000022894679ca0 Exception <a 'sun/nio/fs/WindowsException'{0x00000000d55e1928}> (0x00000000d55e1928) 
thrown [s\src\hotspot\share\prims\jni.cpp, line 520]
Event: 52.683 Thread 0x0000022894679ca0 Exception <a 'sun/nio/fs/WindowsException'{0x00000000d56400e8}> (0x00000000d56400e8) 
thrown [s\src\hotspot\share\prims\jni.cpp, line 520]
Event: 52.689 Thread 0x0000022894679ca0 Implicit null exception at 0x0000022845a99144 to 0x0000022845a9a0cc
Event: 52.711 Thread 0x0000022894679ca0 Exception <a 'java/lang/NoSuchMethodError'{0x00000000d58a8d90}: 'java.lang.Object java.lang.invoke.Invokers$Holder.invoke_MT(java.lang.Object, java.lang.Object, java.lang.Object, java.lang.Object, java.lang.Object, java.lang.Object, java.lang.Object, java.lang.Object, java.lang.Object, java.lang.Object)'> (0x00000000d58a8d90) 
thrown [s\src\hotspot\share\interpreter\linkResolver.cpp, line 773]
Event: 53.425 Thread 0x0000022894679ca0 Exception <a 'java/lang/NoSuchMethodError'{0x00000000d56dbe78}: 'int java.lang.invoke.Invokers$Holder.invokeExact_MT(java.lang.Object, java.lang.Object)'> (0x00000000d56dbe78) 
thrown [s\src\hotspot\share\interpreter\linkResolver.cpp, line 773]

ZGC Phase Switch (0 events):
No events

VM Operations (20 events):
Event: 54.994 Executing safepoint VM operation: ParallelGCFailedAllocation (Allocation Failure)
Event: 54.998 Executing safepoint VM operation: ParallelGCFailedAllocation (Allocation Failure) done
Event: 55.028 Executing safepoint VM operation: ParallelGCFailedAllocation (Allocation Failure)
Event: 55.031 Executing safepoint VM operation: ParallelGCFailedAllocation (Allocation Failure) done
Event: 55.043 Executing safepoint VM operation: ParallelGCFailedAllocation (Allocation Failure)
Event: 55.046 Executing safepoint VM operation: ParallelGCFailedAllocation (Allocation Failure) done
Event: 55.056 Executing safepoint VM operation: ParallelGCFailedAllocation (Allocation Failure)
Event: 55.059 Executing safepoint VM operation: ParallelGCFailedAllocation (Allocation Failure) done
Event: 55.068 Executing safepoint VM operation: ParallelGCFailedAllocation (Allocation Failure)
Event: 55.071 Executing safepoint VM operation: ParallelGCFailedAllocation (Allocation Failure) done
Event: 55.080 Executing safepoint VM operation: ParallelGCFailedAllocation (Allocation Failure)
Event: 55.083 Executing safepoint VM operation: ParallelGCFailedAllocation (Allocation Failure) done
Event: 55.113 Executing safepoint VM operation: ParallelGCFailedAllocation (Allocation Failure)
Event: 55.118 Executing safepoint VM operation: ParallelGCFailedAllocation (Allocation Failure) done
Event: 55.163 Executing safepoint VM operation: ParallelGCFailedAllocation (Allocation Failure)
Event: 55.163 Executing safepoint VM operation: ParallelGCFailedAllocation (Allocation Failure) done
Event: 55.163 Executing safepoint VM operation: ParallelGCSystemGC (GCLocker Initiated GC)
Event: 55.169 Executing safepoint VM operation: ParallelGCSystemGC (GCLocker Initiated GC) done
Event: 55.196 Executing safepoint VM operation: CollectForMetadataAllocation (Metadata GC Threshold)
Event: 55.681 Executing safepoint VM operation: CollectForMetadataAllocation (Metadata GC Threshold) done

Memory protections (0 events):
No events

Nmethod flushes (20 events):
Event: 55.354 Thread 0x000002283a904970 flushing  nmethod 0x000002283e3e9010
Event: 55.354 Thread 0x000002283a904970 flushing  nmethod 0x000002283e3f1290
Event: 55.355 Thread 0x000002283a904970 flushing  nmethod 0x000002283e3f4790
Event: 55.355 Thread 0x000002283a904970 flushing  nmethod 0x000002283e3f5110
Event: 55.355 Thread 0x000002283a904970 flushing  nmethod 0x000002283e3f6390
Event: 55.355 Thread 0x000002283a904970 flushing  nmethod 0x000002283e3f6990
Event: 55.355 Thread 0x000002283a904970 flushing  nmethod 0x000002283e412e90
Event: 55.355 Thread 0x000002283a904970 flushing  nmethod 0x000002283e415290
Event: 55.355 Thread 0x000002283a904970 flushing  nmethod 0x000002283e416690
Event: 55.355 Thread 0x000002283a904970 flushing  nmethod 0x000002283e416c90
Event: 55.355 Thread 0x000002283a904970 flushing  nmethod 0x000002283e417790
Event: 55.355 Thread 0x000002283a904970 flushing  nmethod 0x000002283e418010
Event: 55.355 Thread 0x000002283a904970 flushing  nmethod 0x000002283e41a310
Event: 55.355 Thread 0x000002283a904970 flushing  nmethod 0x000002283e423c90
Event: 55.355 Thread 0x000002283a904970 flushing  nmethod 0x000002283e427d10
Event: 55.355 Thread 0x000002283a904970 flushing  nmethod 0x000002283e453210
Event: 55.355 Thread 0x000002283a904970 flushing  nmethod 0x000002283e453510
Event: 55.355 Thread 0x000002283a904970 flushing  nmethod 0x000002283e46b790
Event: 55.355 Thread 0x000002283a904970 flushing  nmethod 0x000002283e479810
Event: 55.355 Thread 0x000002283a904970 flushing  nmethod 0x000002283e4b2d10

Events (20 events):
Event: 43.397 Thread 0x000002289a184060 Thread added: 0x000002289a185aa0
Event: 43.398 Thread 0x00000228991dbb60 Thread added: 0x000002289a185410
Event: 43.398 Thread 0x000002289a184060 Thread added: 0x000002289a1874e0
Event: 43.398 Thread 0x000002289a180be0 Thread added: 0x000002289a184d80
Event: 43.398 Thread 0x000002289a185aa0 Thread added: 0x000002289a187b70
Event: 43.399 Thread 0x00000228991dbb60 Thread added: 0x0000022899689cc0
Event: 47.236 Thread 0x000002289a180550 Thread exited: 0x000002289a180550
Event: 48.593 Thread 0x000002289aad6ee0 Thread exited: 0x000002289aad6ee0
Event: 48.636 Thread 0x000002289a21dda0 Thread exited: 0x000002289a21dda0
Event: 49.078 Thread 0x000002283aa2c2a0 Thread added: 0x000002289aad6ee0
Event: 50.334 Thread 0x000002289aad6ee0 Thread exited: 0x000002289aad6ee0
Event: 51.166 Thread 0x000002283aa2c2a0 Thread added: 0x000002289be2fa00
Event: 51.652 Thread 0x000002283aa2c2a0 Thread added: 0x000002289c96c450
Event: 51.938 Thread 0x0000022894679ca0 Thread added: 0x000002289968b070
Event: 52.560 Thread 0x000002289c96c450 Thread exited: 0x000002289c96c450
Event: 52.784 Thread 0x000002289be2fa00 Thread added: 0x000002289cc378c0
Event: 53.921 Thread 0x000002289cc378c0 Thread exited: 0x000002289cc378c0
Event: 54.157 Thread 0x000002289be2fa00 Thread exited: 0x000002289be2fa00
Event: 54.892 Thread 0x000002283aa2c2a0 Thread added: 0x000002289d129810
Event: 54.947 Thread 0x000002283aa2c2a0 Thread added: 0x000002289cc378c0


Dynamic libraries:
0x00007ff6640a0000 - 0x00007ff6640ae000 	c:\Users\piyus\.vscode\extensions\redhat.java-1.54.0-win32-x64\jre\21.0.10-win32-x86_64\bin\java.exe
0x00007ff8dfe20000 - 0x00007ff8e0086000 	C:\WINDOWS\SYSTEM32\ntdll.dll
0x00007ff8df200000 - 0x00007ff8df2c9000 	C:\WINDOWS\System32\KERNEL32.DLL
0x00007ff8dd790000 - 0x00007ff8ddb8a000 	C:\WINDOWS\System32\KERNELBASE.dll
0x00007ff8dd210000 - 0x00007ff8dd35c000 	C:\WINDOWS\System32\ucrtbase.dll
0x00007ff89c870000 - 0x00007ff89c888000 	c:\Users\piyus\.vscode\extensions\redhat.java-1.54.0-win32-x64\jre\21.0.10-win32-x86_64\bin\jli.dll
0x00007ff89e6a0000 - 0x00007ff89e6be000 	c:\Users\piyus\.vscode\extensions\redhat.java-1.54.0-win32-x64\jre\21.0.10-win32-x86_64\bin\VCRUNTIME140.dll
0x00007ff8de600000 - 0x00007ff8de7c7000 	C:\WINDOWS\System32\USER32.dll
0x00007ff8dd4e0000 - 0x00007ff8dd507000 	C:\WINDOWS\System32\win32u.dll
0x00007ff8defc0000 - 0x00007ff8defeb000 	C:\WINDOWS\System32\GDI32.dll
0x00007ff8c7ba0000 - 0x00007ff8c7e32000 	C:\WINDOWS\WinSxS\amd64_microsoft.windows.common-controls_6595b64144ccf1df_6.0.26100.8521_none_3e08b75ce33403b3\COMCTL32.dll
0x00007ff8dd5d0000 - 0x00007ff8dd6fb000 	C:\WINDOWS\System32\gdi32full.dll
0x00007ff8de4c0000 - 0x00007ff8de569000 	C:\WINDOWS\System32\msvcrt.dll
0x00007ff8dd160000 - 0x00007ff8dd203000 	C:\WINDOWS\System32\msvcp_win.dll
0x00007ff8df1c0000 - 0x00007ff8df1f2000 	C:\WINDOWS\System32\IMM32.DLL
0x00007ff8b3d30000 - 0x00007ff8b3d3c000 	c:\Users\piyus\.vscode\extensions\redhat.java-1.54.0-win32-x64\jre\21.0.10-win32-x86_64\bin\vcruntime140_1.dll
0x00007ff86a4d0000 - 0x00007ff86a55d000 	c:\Users\piyus\.vscode\extensions\redhat.java-1.54.0-win32-x64\jre\21.0.10-win32-x86_64\bin\msvcp140.dll
0x00007ff802990000 - 0x00007ff803731000 	c:\Users\piyus\.vscode\extensions\redhat.java-1.54.0-win32-x64\jre\21.0.10-win32-x86_64\bin\server\jvm.dll
0x00007ff8de7d0000 - 0x00007ff8de886000 	C:\WINDOWS\System32\ADVAPI32.dll
0x00007ff8df2d0000 - 0x00007ff8df37a000 	C:\WINDOWS\System32\sechost.dll
0x00007ff8ddb90000 - 0x00007ff8ddca8000 	C:\WINDOWS\System32\RPCRT4.dll
0x00007ff8de250000 - 0x00007ff8de2d0000 	C:\WINDOWS\System32\WS2_32.dll
0x00007ff8dcf10000 - 0x00007ff8dcf6e000 	C:\WINDOWS\SYSTEM32\POWRPROF.dll
0x00007ff8d5500000 - 0x00007ff8d550b000 	C:\WINDOWS\SYSTEM32\VERSION.dll
0x00007ff8d54c0000 - 0x00007ff8d54f6000 	C:\WINDOWS\SYSTEM32\WINMM.dll
0x00007ff8dcef0000 - 0x00007ff8dcf04000 	C:\WINDOWS\SYSTEM32\UMPDC.dll
0x00007ff8dbe40000 - 0x00007ff8dbe5b000 	C:\WINDOWS\SYSTEM32\kernel.appcore.dll
0x00007ff8b2810000 - 0x00007ff8b281a000 	c:\Users\piyus\.vscode\extensions\redhat.java-1.54.0-win32-x64\jre\21.0.10-win32-x86_64\bin\jimage.dll
0x00007ff8da7a0000 - 0x00007ff8da9e2000 	C:\WINDOWS\SYSTEM32\DBGHELP.DLL
0x00007ff8de890000 - 0x00007ff8dec13000 	C:\WINDOWS\System32\combase.dll
0x00007ff8ded20000 - 0x00007ff8dedf9000 	C:\WINDOWS\System32\OLEAUT32.dll
0x00007ff8b5130000 - 0x00007ff8b516b000 	C:\WINDOWS\SYSTEM32\dbgcore.DLL
0x00007ff8dd0b0000 - 0x00007ff8dd158000 	C:\WINDOWS\System32\bcryptPrimitives.dll
0x00007ff8ad090000 - 0x00007ff8ad09f000 	c:\Users\piyus\.vscode\extensions\redhat.java-1.54.0-win32-x64\jre\21.0.10-win32-x86_64\bin\instrument.dll
0x00007ff87da00000 - 0x00007ff87da20000 	c:\Users\piyus\.vscode\extensions\redhat.java-1.54.0-win32-x64\jre\21.0.10-win32-x86_64\bin\java.dll
0x00007ff8df560000 - 0x00007ff8dfce4000 	C:\WINDOWS\System32\SHELL32.dll
0x00007ff8dac40000 - 0x00007ff8db4c0000 	C:\WINDOWS\SYSTEM32\windows.storage.dll
0x00007ff8dec20000 - 0x00007ff8ded16000 	C:\WINDOWS\System32\SHCORE.dll
0x00007ff8df150000 - 0x00007ff8df1b7000 	C:\WINDOWS\System32\shlwapi.dll
0x00007ff8dcfd0000 - 0x00007ff8dcff9000 	C:\WINDOWS\SYSTEM32\profapi.dll
0x00007ff87d9e0000 - 0x00007ff87d9f8000 	c:\Users\piyus\.vscode\extensions\redhat.java-1.54.0-win32-x64\jre\21.0.10-win32-x86_64\bin\zip.dll
0x00007ff8aca40000 - 0x00007ff8aca50000 	C:\Users\piyus\.vscode\extensions\redhat.java-1.54.0-win32-x64\jre\21.0.10-win32-x86_64\bin\net.dll
0x00007ff8d2ed0000 - 0x00007ff8d2ff9000 	C:\WINDOWS\SYSTEM32\WINHTTP.dll
0x00007ff8dc3b0000 - 0x00007ff8dc41c000 	C:\WINDOWS\system32\mswsock.dll
0x00007ff87d9c0000 - 0x00007ff87d9d6000 	C:\Users\piyus\.vscode\extensions\redhat.java-1.54.0-win32-x64\jre\21.0.10-win32-x86_64\bin\nio.dll
0x00007ff8a8c10000 - 0x00007ff8a8c20000 	c:\Users\piyus\.vscode\extensions\redhat.java-1.54.0-win32-x64\jre\21.0.10-win32-x86_64\bin\verify.dll
0x00007ff8721c0000 - 0x00007ff872205000 	C:\Users\piyus\AppData\Roaming\Code\User\globalStorage\redhat.java\1.54.0\config_win\org.eclipse.equinox.launcher\org.eclipse.equinox.launcher.win32.win32.x86_64_1.3.0.v20260203-2149\eclipse_11919.dll
0x00007ff8dee20000 - 0x00007ff8defb8000 	C:\WINDOWS\System32\ole32.dll
0x00007ff8dc690000 - 0x00007ff8dc6ab000 	C:\WINDOWS\SYSTEM32\CRYPTSP.dll
0x00007ff8dbda0000 - 0x00007ff8dbdd9000 	C:\WINDOWS\system32\rsaenh.dll
0x00007ff8dc460000 - 0x00007ff8dc493000 	C:\WINDOWS\SYSTEM32\USERENV.dll
0x00007ff8dcfa0000 - 0x00007ff8dcfca000 	C:\WINDOWS\SYSTEM32\bcrypt.dll
0x00007ff8dc6b0000 - 0x00007ff8dc6bc000 	C:\WINDOWS\SYSTEM32\CRYPTBASE.dll
0x00007ff8db840000 - 0x00007ff8db873000 	C:\WINDOWS\SYSTEM32\IPHLPAPI.DLL
0x00007ff8dfd40000 - 0x00007ff8dfd4a000 	C:\WINDOWS\System32\NSI.dll
0x00007ff86ba60000 - 0x00007ff86baa9000 	C:\Users\piyus\AppData\Local\Temp\jna-106682430\jna1703330593702310959.dll
0x00007ff8ddcb0000 - 0x00007ff8ddcb8000 	C:\WINDOWS\System32\PSAPI.DLL
0x00007ff8d5b10000 - 0x00007ff8d5b2d000 	C:\WINDOWS\SYSTEM32\dhcpcsvc6.DLL
0x00007ff8d5ae0000 - 0x00007ff8d5b05000 	C:\WINDOWS\SYSTEM32\dhcpcsvc.DLL
0x00007ff8a6a20000 - 0x00007ff8a6a2e000 	C:\Users\piyus\.vscode\extensions\redhat.java-1.54.0-win32-x64\jre\21.0.10-win32-x86_64\bin\sunmscapi.dll
0x00007ff8dd360000 - 0x00007ff8dd4d8000 	C:\WINDOWS\System32\CRYPT32.dll
0x00007ff8dc8b0000 - 0x00007ff8dc8e0000 	C:\WINDOWS\SYSTEM32\ncrypt.dll
0x00007ff8dc860000 - 0x00007ff8dc89f000 	C:\WINDOWS\SYSTEM32\NTASN1.dll
0x00007ff8db8f0000 - 0x00007ff8dba3a000 	C:\WINDOWS\SYSTEM32\DNSAPI.dll
0x00007ff8dc1b0000 - 0x00007ff8dc1bd000 	C:\WINDOWS\SYSTEM32\DSPARSE.dll
0x00007ff8d2180000 - 0x00007ff8d218b000 	C:\Windows\System32\rasadhlp.dll
0x00007ff8d64d0000 - 0x00007ff8d6556000 	C:\WINDOWS\System32\fwpuclnt.dll
0x00007ff8a62a0000 - 0x00007ff8a62a9000 	C:\Users\piyus\.vscode\extensions\redhat.java-1.54.0-win32-x64\jre\21.0.10-win32-x86_64\bin\extnet.dll

JVMTI agents:
c:\Users\piyus\.vscode\extensions\redhat.java-1.54.0-win32-x64\lombok\lombok-1.18.39-4050.jar path:c:\Users\piyus\.vscode\extensions\redhat.java-1.54.0-win32-x64\jre\21.0.10-win32-x86_64\bin\instrument.dll, loaded, initialized, instrumentlib options:none

dbghelp: loaded successfully - version: 4.0.5 - missing functions: none
symbol engine: initialized successfully - sym options: 0x614 - pdb path: .;c:\Users\piyus\.vscode\extensions\redhat.java-1.54.0-win32-x64\jre\21.0.10-win32-x86_64\bin;C:\WINDOWS\SYSTEM32;C:\WINDOWS\WinSxS\amd64_microsoft.windows.common-controls_6595b64144ccf1df_6.0.26100.8521_none_3e08b75ce33403b3;c:\Users\piyus\.vscode\extensions\redhat.java-1.54.0-win32-x64\jre\21.0.10-win32-x86_64\bin\server;C:\Users\piyus\AppData\Roaming\Code\User\globalStorage\redhat.java\1.54.0\config_win\org.eclipse.equinox.launcher\org.eclipse.equinox.launcher.win32.win32.x86_64_1.3.0.v20260203-2149;C:\Users\piyus\AppData\Local\Temp\jna-106682430

VM Arguments:
jvm_args: --add-modules=ALL-SYSTEM --add-opens=java.base/java.util=ALL-UNNAMED --add-opens=java.base/java.lang=ALL-UNNAMED --add-opens=java.base/sun.nio.fs=ALL-UNNAMED -Declipse.application=org.eclipse.jdt.ls.core.id1 -Dosgi.bundles.defaultStartLevel=4 -Declipse.product=org.eclipse.jdt.ls.core.product -Djava.import.generatesMetadataFilesAtProjectRoot=false -DDetectVMInstallationsJob.disabled=true -Dfile.encoding=utf8 -XX:+UseParallelGC -XX:GCTimeRatio=4 -XX:AdaptiveSizePolicyWeight=90 -Dsun.zip.disableMemoryMapping=true -Xmx2G -Xms100m -Xlog:disable -javaagent:c:\Users\piyus\.vscode\extensions\redhat.java-1.54.0-win32-x64\lombok\lombok-1.18.39-4050.jar -XX:+HeapDumpOnOutOfMemoryError -XX:HeapDumpPath=c:\Users\piyus\AppData\Roaming\Code\User\workspaceStorage\b2300b2f8e28301cf55326089b0238ac\redhat.java -Daether.dependencyCollector.impl=bf 
java_command: c:\Users\piyus\.vscode\extensions\redhat.java-1.54.0-win32-x64\server\plugins\org.eclipse.equinox.launcher_1.7.100.v20251111-0406.jar -configuration c:\Users\piyus\AppData\Roaming\Code\User\globalStorage\redhat.java\1.54.0\config_win -data c:\Users\piyus\AppData\Roaming\Code\User\workspaceStorage\b2300b2f8e28301cf55326089b0238ac\redhat.java\jdt_ws --pipe=\\.\pipe\lsp-307eab77d5f306548a7cba8c3f705e96-sock
java_class_path (initial): c:\Users\piyus\.vscode\extensions\redhat.java-1.54.0-win32-x64\server\plugins\org.eclipse.equinox.launcher_1.7.100.v20251111-0406.jar
Launcher Type: SUN_STANDARD

[Global flags]
    uintx AdaptiveSizePolicyWeight                 = 90                                        {product} {command line}
     intx CICompilerCount                          = 4                                         {product} {ergonomic}
    uintx GCTimeRatio                              = 4                                         {product} {command line}
     bool HeapDumpOnOutOfMemoryError               = true                                   {manageable} {command line}
    ccstr HeapDumpPath                             = c:\Users\piyus\AppData\Roaming\Code\User\workspaceStorage\b2300b2f8e28301cf55326089b0238ac\redhat.java         {manageable} {command line}
   size_t InitialHeapSize                          = 104857600                                 {product} {command line}
   size_t MaxHeapSize                              = 2147483648                                {product} {command line}
   size_t MaxNewSize                               = 715653120                                 {product} {ergonomic}
   size_t MinHeapDeltaBytes                        = 524288                                    {product} {ergonomic}
   size_t MinHeapSize                              = 104857600                                 {product} {command line}
   size_t NewSize                                  = 34603008                                  {product} {ergonomic}
    uintx NonNMethodCodeHeapSize                   = 5839372                                {pd product} {ergonomic}
    uintx NonProfiledCodeHeapSize                  = 122909434                              {pd product} {ergonomic}
   size_t OldSize                                  = 70254592                                  {product} {ergonomic}
    uintx ProfiledCodeHeapSize                     = 122909434                              {pd product} {ergonomic}
    uintx ReservedCodeCacheSize                    = 251658240                              {pd product} {ergonomic}
     bool SegmentedCodeCache                       = true                                      {product} {ergonomic}
   size_t SoftMaxHeapSize                          = 2147483648                             {manageable} {ergonomic}
     bool UseCompressedOops                        = true                           {product lp64_product} {ergonomic}
     bool UseLargePagesIndividualAllocation        = false                                  {pd product} {ergonomic}
     bool UseParallelGC                            = true                                      {product} {command line}

Logging:
Log output configuration:
 #0: stdout all=off uptime,level,tags foldmultilines=false
 #1: stderr all=off uptime,level,tags foldmultilines=false

Release file:
JAVA_VERSION="21.0.10" 
MODULES="java.base java.compiler java.datatransfer java.xml java.prefs java.desktop java.instrument java.logging java.management java.security.sasl java.naming java.rmi java.management.rmi java.net.http java.scripting java.security.jgss java.transaction.xa java.sql java.sql.rowset java.xml.crypto java.se java.smartcardio jdk.accessibility jdk.internal.jvmstat jdk.attach jdk.charsets jdk.internal.opt jdk.zipfs jdk.compiler jdk.crypto.ec jdk.crypto.cryptoki jdk.crypto.mscapi jdk.dynalink jdk.internal.ed jdk.editpad jdk.hotspot.agent jdk.httpserver jdk.internal.le jdk.internal.vm.ci jdk.internal.vm.compiler jdk.internal.vm.compiler.management jdk.jartool jdk.javadoc jdk.jcmd jdk.management jdk.management.agent jdk.jconsole jdk.jdeps jdk.jdwp.agent jdk.jdi jdk.jfr jdk.jshell jdk.jsobject jdk.jstatd jdk.localedata jdk.management.jfr jdk.naming.dns jdk.naming.rmi jdk.net jdk.nio.mapmode jdk.random jdk.sctp jdk.security.auth jdk.security.jgss jdk.unsupported jdk.unsupported.desktop jdk.xml.dom" 

Environment Variables:
PATH=C:\Program Files\Common Files\Oracle\Java\javapath;C:\WINDOWS\system32;C:\WINDOWS;C:\WINDOWS\System32\Wbem;C:\WINDOWS\System32\WindowsPowerShell\v1.0\;C:\WINDOWS\System32\OpenSSH\;C:\Program Files\Microsoft SQL Server\150\Tools\Binn\;C:\Users\piyus\AppData\Local\Programs\Python\Python312;C:\Users\piyus\AppData\Local\Programs\Python\Python312\Scripts;C:\Program Files\Git\cmd;C:\Program Files\Microsoft SQL Server\Client SDK\ODBC\170\Tools\Binn\;C:\Program Files\dotnet\;C:\Program Files (x86)\Windows Kits\10\Windows Performance Toolkit\;C:\Program Files (x86)\Microsoft SQL Server\170\Tools\Binn\;C:\Program Files\Microsoft SQL Server\170\Tools\Binn\;C:\Program Files\Microsoft SQL Server\Client SDK\ODBC\180\Tools\Binn\;C:\Program Files\Microsoft SQL Server\170\DTS\Binn\;C:\xampp\mysql\bin;C:\Users\piyus\AppData\Local\Programs\Python\Python312\Scripts\;C:\Users\piyus\AppData\Local\Programs\Python\Python312\;C:\Users\piyus\AppData\Local\Programs\Python\Launcher\;C:\Program Files\Java\jdk-11.0.16.1\bin;C:\Users\piyus\AppData\Local\Programs\Microsoft VS Code\bin;C:\Users\piyus\AppData\Local\Microsoft\WindowsApps;C:\Users\piyus\.dotnet\tools
USERNAME=piyus
OS=Windows_NT
PROCESSOR_IDENTIFIER=AMD64 Family 25 Model 80 Stepping 0, AuthenticAMD
TMP=C:\Users\piyus\AppData\Local\Temp
TEMP=C:\Users\piyus\AppData\Local\Temp




Periodic native trim disabled

---------------  S Y S T E M  ---------------

OS:
 Windows 11 , 64 bit Build 26100 (10.0.26100.8521)
OS uptime: 0 days 1:20 hours
Hyper-V role detected

CPU: total 12 (initial active 12) (12 cores per cpu, 2 threads per core) family 25 model 80 stepping 0 microcode 0xa50000c, cx8, cmov, fxsr, ht, mmx, 3dnowpref, sse, sse2, sse3, ssse3, sse4a, sse4.1, sse4.2, popcnt, lzcnt, tsc, tscinvbit, avx, avx2, aes, erms, clmul, bmi1, bmi2, adx, sha, fma, vzeroupper, clflush, clflushopt, hv, rdtscp, rdpid, fsrm, f16c, cet_ss
Processor Information for the first 12 processors :
  Max Mhz: 3301, Current Mhz: 1908, Mhz Limit: 3301

Memory: 4k page, system-wide physical 7583M (580M free)
TotalPageFile size 18242M (AvailPageFile size 17M)
current process WorkingSet (physical memory assigned to process): 963M, peak: 963M
current process commit charge ("private bytes"): 1015M, peak: 1015M

vm_info: OpenJDK 64-Bit Server VM (21.0.10+7-LTS) for windows-amd64 JRE (21.0.10+7-LTS), built on 2026-01-20T00:00:00Z by "admin" with MS VC++ 17.12 (VS2022)

END.
